<?xml version="1.0" encoding="UTF-8"?>
<testsuite name="com.ddd_bootcamp.domain.CartTest" tests="1" skipped="0" failures="0" errors="0" timestamp="2023-06-12T12:01:15" hostname="Sarahs-MBP" time="0.024">
  <properties/>
  <testcase name="shouldAddProductToCart()" classname="com.ddd_bootcamp.domain.CartTest" time="0.024"/>
  <system-out><![CDATA[]]></system-out>
  <system-err><![CDATA[]]></system-err>
</testsuite>
